# JRE version: Java(TM) SE Runtime Environment (8.0_172-b11) (build 1.8.0_172-b11)
# Java VM: Java HotSpot(TM) 64-Bit Server VM (25.172-b11 mixed mode windows-amd64 compressed oops)
Heap:
 PSYoungGen      total 48128K, used 27515K [0x00000000d6300000, 0x00000000da400000, 0x0000000100000000)
  eden space 38400K, 46% used [0x00000000d6300000,0x00000000d7463e98,0x00000000d8880000)
  from space 9728K, 99% used [0x00000000d9480000,0x00000000d9dfaf50,0x00000000d9e00000)
  to   space 12288K, 0% used [0x00000000d8880000,0x00000000d8880000,0x00000000d9480000)
 ParOldGen       total 67072K, used 19814K [0x0000000082800000, 0x0000000086980000, 0x00000000d6300000)
  object space 67072K, 29% used [0x0000000082800000,0x0000000083b59810,0x0000000086980000)
 Metaspace       used 23330K, capacity 23922K, committed 24192K, reserved 1071104K
  class space    used 2699K, capacity 2852K, committed 2944K, reserved 1048576K
GC Heap History (10 events):
Event: 13.736 GC heap before
{Heap before GC invocations=9 (full 0):
 PSYoungGen      total 39424K, used 28602K [0x00000000d6300000, 0x00000000d9300000, 0x0000000100000000)
  eden space 30720K, 74% used [0x00000000d6300000,0x00000000d7955b38,0x00000000d8100000)
  from space 8704K, 65% used [0x00000000d8a80000,0x00000000d9018f78,0x00000000d9300000)
  to   space 9216K, 0% used [0x00000000d8100000,0x00000000d8100000,0x00000000d8a00000)
 ParOldGen       total 86016K, used 13823K [0x0000000082800000, 0x0000000087c00000, 0x00000000d6300000)
  object space 86016K, 16% used [0x0000000082800000,0x000000008357ff68,0x0000000087c00000)
 Metaspace       used 20587K, capacity 21170K, committed 21248K, reserved 1069056K
  class space    used 2386K, capacity 2532K, committed 2560K, reserved 1048576K
Event: 13.741 GC heap after
Heap after GC invocations=9 (full 0):
 PSYoungGen      total 34816K, used 4596K [0x00000000d6300000, 0x00000000d9280000, 0x0000000100000000)
  eden space 30208K, 0% used [0x00000000d6300000,0x00000000d6300000,0x00000000d8080000)
  from space 4608K, 99% used [0x00000000d8100000,0x00000000d857d3e0,0x00000000d8580000)
  to   space 9216K, 0% used [0x00000000d8980000,0x00000000d8980000,0x00000000d9280000)
 ParOldGen       total 86016K, used 16007K [0x0000000082800000, 0x0000000087c00000, 0x00000000d6300000)
  object space 86016K, 18% used [0x0000000082800000,0x00000000837a1f78,0x0000000087c00000)
 Metaspace       used 20587K, capacity 21170K, committed 21248K, reserved 1069056K
  class space    used 2386K, capacity 2532K, committed 2560K, reserved 1048576K
}
Event: 13.741 GC heap before
{Heap before GC invocations=10 (full 1):
 PSYoungGen      total 34816K, used 4596K [0x00000000d6300000, 0x00000000d9280000, 0x0000000100000000)
  eden space 30208K, 0% used [0x00000000d6300000,0x00000000d6300000,0x00000000d8080000)
  from space 4608K, 99% used [0x00000000d8100000,0x00000000d857d3e0,0x00000000d8580000)
  to   space 9216K, 0% used [0x00000000d8980000,0x00000000d8980000,0x00000000d9280000)
 ParOldGen       total 86016K, used 16007K [0x0000000082800000, 0x0000000087c00000, 0x00000000d6300000)
  object space 86016K, 18% used [0x0000000082800000,0x00000000837a1f78,0x0000000087c00000)
 Metaspace       used 20587K, capacity 21170K, committed 21248K, reserved 1069056K
  class space    used 2386K, capacity 2532K, committed 2560K, reserved 1048576K
Event: 13.824 GC heap after
Heap after GC invocations=10 (full 1):
 PSYoungGen      total 34816K, used 0K [0x00000000d6300000, 0x00000000d9280000, 0x0000000100000000)
  eden space 30208K, 0% used [0x00000000d6300000,0x00000000d6300000,0x00000000d8080000)
  from space 4608K, 0% used [0x00000000d8100000,0x00000000d8100000,0x00000000d8580000)
  to   space 9216K, 0% used [0x00000000d8980000,0x00000000d8980000,0x00000000d9280000)
 ParOldGen       total 67072K, used 15543K [0x0000000082800000, 0x0000000086980000, 0x00000000d6300000)
  object space 67072K, 23% used [0x0000000082800000,0x000000008372df00,0x0000000086980000)
 Metaspace       used 20587K, capacity 21170K, committed 21248K, reserved 1069056K
  class space    used 2386K, capacity 2532K, committed 2560K, reserved 1048576K
}
Event: 14.139 GC heap before
{Heap before GC invocations=11 (full 1):
 PSYoungGen      total 34816K, used 30197K [0x00000000d6300000, 0x00000000d9280000, 0x0000000100000000)
  eden space 30208K, 99% used [0x00000000d6300000,0x00000000d807d5e8,0x00000000d8080000)
  from space 4608K, 0% used [0x00000000d8100000,0x00000000d8100000,0x00000000d8580000)
  to   space 9216K, 0% used [0x00000000d8980000,0x00000000d8980000,0x00000000d9280000)
 ParOldGen       total 67072K, used 15543K [0x0000000082800000, 0x0000000086980000, 0x00000000d6300000)
  object space 67072K, 23% used [0x0000000082800000,0x000000008372df00,0x0000000086980000)
 Metaspace       used 22376K, capacity 23026K, committed 23296K, reserved 1069056K
  class space    used 2633K, capacity 2788K, committed 2816K, reserved 1048576K
Event: 14.141 GC heap after
Heap after GC invocations=11 (full 1):
 PSYoungGen      total 38912K, used 943K [0x00000000d6300000, 0x00000000d9e00000, 0x0000000100000000)
  eden space 29696K, 0% used [0x00000000d6300000,0x00000000d6300000,0x00000000d8000000)
  from space 9216K, 10% used [0x00000000d8980000,0x00000000d8a6bda8,0x00000000d9280000)
  to   space 9728K, 0% used [0x00000000d8000000,0x00000000d8000000,0x00000000d8980000)
 ParOldGen       total 67072K, used 15543K [0x0000000082800000, 0x0000000086980000, 0x00000000d6300000)
  object space 67072K, 23% used [0x0000000082800000,0x000000008372df00,0x0000000086980000)
 Metaspace       used 22376K, capacity 23026K, committed 23296K, reserved 1069056K
  class space    used 2633K, capacity 2788K, committed 2816K, reserved 1048576K
}
Event: 14.559 GC heap before
{Heap before GC invocations=12 (full 1):
 PSYoungGen      total 38912K, used 30639K [0x00000000d6300000, 0x00000000d9e00000, 0x0000000100000000)
  eden space 29696K, 100% used [0x00000000d6300000,0x00000000d8000000,0x00000000d8000000)
  from space 9216K, 10% used [0x00000000d8980000,0x00000000d8a6bda8,0x00000000d9280000)
  to   space 9728K, 0% used [0x00000000d8000000,0x00000000d8000000,0x00000000d8980000)
 ParOldGen       total 67072K, used 15543K [0x0000000082800000, 0x0000000086980000, 0x00000000d6300000)
  object space 67072K, 23% used [0x0000000082800000,0x000000008372df00,0x0000000086980000)
 Metaspace       used 22777K, capacity 23378K, committed 23680K, reserved 1071104K
  class space    used 2662K, capacity 2820K, committed 2944K, reserved 1048576K
Event: 14.565 GC heap after
Heap after GC invocations=12 (full 1):
 PSYoungGen      total 39424K, used 4773K [0x00000000d6300000, 0x00000000d9e00000, 0x0000000100000000)
  eden space 29696K, 0% used [0x00000000d6300000,0x00000000d6300000,0x00000000d8000000)
  from space 9728K, 49% used [0x00000000d8000000,0x00000000d84a94d8,0x00000000d8980000)
  to   space 9728K, 0% used [0x00000000d9480000,0x00000000d9480000,0x00000000d9e00000)
 ParOldGen       total 67072K, used 16134K [0x0000000082800000, 0x0000000086980000, 0x00000000d6300000)
  object space 67072K, 24% used [0x0000000082800000,0x00000000837c1868,0x0000000086980000)
 Metaspace       used 22777K, capacity 23378K, committed 23680K, reserved 1071104K
  class space    used 2662K, capacity 2820K, committed 2944K, reserved 1048576K
}
Event: 14.973 GC heap before
{Heap before GC invocations=13 (full 1):
 PSYoungGen      total 39424K, used 34469K [0x00000000d6300000, 0x00000000d9e00000, 0x0000000100000000)
  eden space 29696K, 100% used [0x00000000d6300000,0x00000000d8000000,0x00000000d8000000)
  from space 9728K, 49% used [0x00000000d8000000,0x00000000d84a94d8,0x00000000d8980000)
  to   space 9728K, 0% used [0x00000000d9480000,0x00000000d9480000,0x00000000d9e00000)
 ParOldGen       total 67072K, used 16134K [0x0000000082800000, 0x0000000086980000, 0x00000000d6300000)
  object space 67072K, 24% used [0x0000000082800000,0x00000000837c1868,0x0000000086980000)
 Metaspace       used 23104K, capacity 23698K, committed 23936K, reserved 1071104K
  class space    used 2683K, capacity 2820K, committed 2944K, reserved 1048576K
Event: 14.983 GC heap after
Heap after GC invocations=13 (full 1):
 PSYoungGen      total 48128K, used 9707K [0x00000000d6300000, 0x00000000da400000, 0x0000000100000000)
  eden space 38400K, 0% used [0x00000000d6300000,0x00000000d6300000,0x00000000d8880000)
  from space 9728K, 99% used [0x00000000d9480000,0x00000000d9dfaf50,0x00000000d9e00000)
  to   space 12288K, 0% used [0x00000000d8880000,0x00000000d8880000,0x00000000d9480000)
 ParOldGen       total 67072K, used 19814K [0x0000000082800000, 0x0000000086980000, 0x00000000d6300000)
  object space 67072K, 29% used [0x0000000082800000,0x0000000083b59810,0x0000000086980000)
 Metaspace       used 23104K, capacity 23698K, committed 23936K, reserved 1071104K
  class space    used 2683K, capacity 2820K, committed 2944K, reserved 1048576K
}

